<?xml version="1.0" encoding="UTF-8"?>
<coverage generated="1571606108461" clover="3.2.0">
  <project timestamp="1571606108461" name="All files">
    <metrics statements="16" coveredstatements="15" conditionals="2" coveredconditionals="2" methods="6" coveredmethods="5" elements="24" coveredelements="22" complexity="0" loc="16" ncloc="16" packages="1" files="1" classes="1"/>
    <file name="file-promise.js" path="/mnt/c/Users/meron/codefellows/401/class-lab/lab-03/lib/file-promise.js">
      <metrics statements="16" coveredstatements="15" conditionals="2" coveredconditionals="2" methods="6" coveredmethods="5"/>
      <line num="4" count="1" type="stmt"/>
      <line num="5" count="1" type="stmt"/>
      <line num="7" count="1" type="stmt"/>
      <line num="8" count="1" type="stmt"/>
      <line num="10" count="1" type="stmt"/>
      <line num="17" count="1" type="stmt"/>
      <line num="18" count="1" type="stmt"/>
      <line num="20" count="1" type="stmt"/>
      <line num="21" count="1" type="stmt"/>
      <line num="23" count="1" type="stmt"/>
      <line num="27" count="1" type="stmt"/>
      <line num="29" count="1" type="stmt"/>
      <line num="30" count="3" type="cond" truecount="2" falsecount="0"/>
      <line num="31" count="3" type="stmt"/>
      <line num="32" count="3" type="stmt"/>
      <line num="34" count="0" type="stmt"/>
    </file>
  </project>
</coverage>
