{"/mnt/c/Users/meron/codefellows/401/class-lab/lab-03/lib/file-promise.js": {"path":"/mnt/c/Users/meron/codefellows/401/class-lab/lab-03/lib/file-promise.js","statementMap":{"0":{"start":{"line":4,"column":11},"end":{"line":4,"column":24}},"1":{"start":{"line":5,"column":13},"end":{"line":5,"column":28}},"2":{"start":{"line":8,"column":14},"end":{"line":8,"column":42}},"3":{"start":{"line":9,"column":13},"end":{"line":9,"column":40}},"4":{"start":{"line":15,"column":0},"end":{"line":15,"column":30}},"5":{"start":{"line":22,"column":0},"end":{"line":32,"column":2}},"6":{"start":{"line":23,"column":2},"end":{"line":23,"column":20}},"7":{"start":{"line":24,"column":2},"end":{"line":31,"column":7}},"8":{"start":{"line":28,"column":6},"end":{"line":28,"column":52}},"9":{"start":{"line":30,"column":6},"end":{"line":30,"column":16}},"10":{"start":{"line":41,"column":0},"end":{"line":48,"column":2}},"11":{"start":{"line":42,"column":17},"end":{"line":42,"column":84}},"12":{"start":{"line":43,"column":2},"end":{"line":47,"column":7}},"13":{"start":{"line":44,"column":21},"end":{"line":44,"column":28}},"14":{"start":{"line":46,"column":6},"end":{"line":46,"column":16}}},"fnMap":{"0":{"name":"(anonymous_0)","decl":{"start":{"line":22,"column":15},"end":{"line":22,"column":16}},"loc":{"start":{"line":22,"column":25},"end":{"line":32,"column":1}},"line":22},"1":{"name":"(anonymous_1)","decl":{"start":{"line":26,"column":10},"end":{"line":26,"column":11}},"loc":{"start":{"line":26,"column":22},"end":{"line":29,"column":5}},"line":26},"2":{"name":"(anonymous_2)","decl":{"start":{"line":29,"column":13},"end":{"line":29,"column":14}},"loc":{"start":{"line":29,"column":20},"end":{"line":31,"column":5}},"line":29},"3":{"name":"(anonymous_3)","decl":{"start":{"line":41,"column":16},"end":{"line":41,"column":17}},"loc":{"start":{"line":41,"column":32},"end":{"line":48,"column":1}},"line":41},"4":{"name":"(anonymous_4)","decl":{"start":{"line":44,"column":10},"end":{"line":44,"column":11}},"loc":{"start":{"line":44,"column":21},"end":{"line":44,"column":28}},"line":44},"5":{"name":"(anonymous_5)","decl":{"start":{"line":45,"column":11},"end":{"line":45,"column":12}},"loc":{"start":{"line":45,"column":18},"end":{"line":47,"column":5}},"line":45}},"branchMap":{"0":{"loc":{"start":{"line":42,"column":29},"end":{"line":42,"column":83}},"type":"cond-expr","locations":[{"start":{"line":42,"column":56},"end":{"line":42,"column":76}},{"start":{"line":42,"column":79},"end":{"line":42,"column":83}}],"line":42}},"s":{"0":1,"1":1,"2":1,"3":1,"4":1,"5":1,"6":1,"7":1,"8":1,"9":1,"10":1,"11":3,"12":3,"13":2,"14":1},"f":{"0":1,"1":1,"2":1,"3":3,"4":2,"5":1},"b":{"0":[1,2]},"_coverageSchema":"43e27e138ebf9cfc5966b082cf9a028302ed4184","hash":"ea064b21823935c2c0069c2151bd3ad430f34901"}
}
