{"/mnt/c/Users/meron/codefellows/401/class-lab/lab-03/lib/file-promise.js": {"path":"/mnt/c/Users/meron/codefellows/401/class-lab/lab-03/lib/file-promise.js","statementMap":{"0":{"start":{"line":4,"column":11},"end":{"line":4,"column":24}},"1":{"start":{"line":5,"column":13},"end":{"line":5,"column":28}},"2":{"start":{"line":7,"column":14},"end":{"line":7,"column":42}},"3":{"start":{"line":8,"column":13},"end":{"line":8,"column":40}},"4":{"start":{"line":10,"column":0},"end":{"line":10,"column":30}},"5":{"start":{"line":17,"column":0},"end":{"line":28,"column":7}},"6":{"start":{"line":18,"column":2},"end":{"line":28,"column":6}},"7":{"start":{"line":20,"column":6},"end":{"line":24,"column":7}},"8":{"start":{"line":21,"column":8},"end":{"line":21,"column":54}},"9":{"start":{"line":23,"column":8},"end":{"line":23,"column":29}},"10":{"start":{"line":27,"column":6},"end":{"line":27,"column":16}},"11":{"start":{"line":29,"column":0},"end":{"line":36,"column":2}},"12":{"start":{"line":30,"column":17},"end":{"line":30,"column":84}},"13":{"start":{"line":31,"column":2},"end":{"line":35,"column":7}},"14":{"start":{"line":32,"column":21},"end":{"line":32,"column":28}},"15":{"start":{"line":34,"column":6},"end":{"line":34,"column":16}}},"fnMap":{"0":{"name":"(anonymous_0)","decl":{"start":{"line":17,"column":15},"end":{"line":17,"column":16}},"loc":{"start":{"line":18,"column":2},"end":{"line":28,"column":6}},"line":18},"1":{"name":"(anonymous_1)","decl":{"start":{"line":19,"column":10},"end":{"line":19,"column":11}},"loc":{"start":{"line":19,"column":22},"end":{"line":25,"column":5}},"line":19},"2":{"name":"(anonymous_2)","decl":{"start":{"line":26,"column":11},"end":{"line":26,"column":12}},"loc":{"start":{"line":26,"column":18},"end":{"line":28,"column":5}},"line":26},"3":{"name":"(anonymous_3)","decl":{"start":{"line":29,"column":16},"end":{"line":29,"column":17}},"loc":{"start":{"line":29,"column":32},"end":{"line":36,"column":1}},"line":29},"4":{"name":"(anonymous_4)","decl":{"start":{"line":32,"column":10},"end":{"line":32,"column":11}},"loc":{"start":{"line":32,"column":21},"end":{"line":32,"column":28}},"line":32},"5":{"name":"(anonymous_5)","decl":{"start":{"line":33,"column":11},"end":{"line":33,"column":12}},"loc":{"start":{"line":33,"column":18},"end":{"line":35,"column":5}},"line":33}},"branchMap":{"0":{"loc":{"start":{"line":30,"column":29},"end":{"line":30,"column":83}},"type":"cond-expr","locations":[{"start":{"line":30,"column":56},"end":{"line":30,"column":76}},{"start":{"line":30,"column":79},"end":{"line":30,"column":83}}],"line":30}},"s":{"0":1,"1":1,"2":1,"3":1,"4":1,"5":1,"6":0,"7":0,"8":0,"9":0,"10":0,"11":1,"12":3,"13":3,"14":0,"15":3},"f":{"0":0,"1":0,"2":0,"3":3,"4":0,"5":3},"b":{"0":[1,2]},"_coverageSchema":"43e27e138ebf9cfc5966b082cf9a028302ed4184","hash":"cac0585e14259135fa5ae767b68584a7d497d3e9"}
}
