TN:
SF:/mnt/c/Users/meron/codefellows/401/class-lab/lab-03/lib/file-promise.js
FN:22,(anonymous_0)
FN:24,(anonymous_1)
FN:32,(anonymous_2)
FN:37,(anonymous_3)
FN:41,(anonymous_4)
FN:42,(anonymous_5)
FNF:6
FNH:2
FNDA:0,(anonymous_0)
FNDA:0,(anonymous_1)
FNDA:0,(anonymous_2)
FNDA:3,(anonymous_3)
FNDA:0,(anonymous_4)
FNDA:3,(anonymous_5)
DA:3,1
DA:5,1
DA:6,1
DA:7,1
DA:11,1
DA:22,1
DA:23,0
DA:25,0
DA:27,0
DA:29,0
DA:33,0
DA:37,1
DA:39,3
DA:40,3
DA:41,0
DA:43,3
LF:16
LH:10
BRDA:39,0,0,1
BRDA:39,0,1,2
BRF:2
BRH:2
end_of_record
